267914296
459739080
9227465
1
489376391
75025
923369890
722019349
470273943
680057396
8
836311896
292471061
317811
739509517
965550172
93363621
433494437
317811
24157817
965550172
5
2
267570670
720754435
400391533
17711
1597
4181
93363621
807526948
196418
8390086
63245986
489376391
233
459739080
687995182
14930352
407059028
3
144
28657
5702887
535793874
680057396
267914296
144
267570670
29637311
807526948
134903163
470273943
286725742
39088169
8745084
46368
267914296
832040
923369890
1597
14930352
755204270
433494437
544858368
13
165580141
433494437
680057396
778742000
971215059
8
755204270
832040
519013702
365010934
13
1
686304600
778742000
832040
46368
93254120
583861472
435293607
165580141
569898238
662189184
2178309
34
134903163
102334155
196418
46368
39088169
63245986
4181
400391533
832040
267914296
5702887
987
102334155
722019349
5
1346269
261180706
13
535793874
879370834
17711
836311896
75025
527403788
519013702
832040
261180706
535793874
593786270
233
879370834
755204270
739509517
24157817
851432142
459739080
851432142
63197655
2178309
316290802
365010934
365010934
267914296
75025
569898238
1346269
21
965550172
21
39088169
286725742
665487541
267570670
692862594
836311896
55
55
722019349
17711
544858368
28657
971215059
13
1346269
377
29637311
1
965550172
470273943
851432142
89
8745084
75025
39088169
778742000
692862594
93363621
267914296
2
365010934
965550172
24157817
63197655
10946
500422649
17711
778742000
687995182
29637311
93254120
292471061
9227465
267570670
687995182
4181
63245986
1
544858368
317811
459739080
514229
686304600
778742000
692862594
21
17711
89
2584
377
610
55
1597
14930352
951279875
1
586268941
6765
435293607
94208912
3
75025
34
134903163
55
210345902
2
93363621
786116714
686304600
701408733
46368
665487541
610
3
778742000
1
722019349
4181
107920472
500422649
94208912
292471061
210345902
94208912
55
286725742
527403788
28657
63245986
720754435
63245986
184550589
755204270
286725742
722019349
965550172
987
544858368
435293607
144
2
9227465
527403788
851432142
514229
971215059
470273943
879370834
598991529
5702887
489376391
433494437
134903163
1597
292471061
94208912
28657
951279875
17711
687995182
286725742
662189184
720754435
210345902
598991529
233
1
89
3
489376391
739509517
544858368
1
210345902
851432142
46368
2
786116714
400391533
786116714
544858368
196418
2584
286725742
3524578
3524578
489376391
583861472
17711
210345902
662189184
832040
29637311
720754435
121393
851432142
9227465
586268941
267914296
233
836311896
730764433
4181
267570670
102334155
46368
184550589
500422649
665487541
832040
586268941
39088169
569898238
586268941
686304600
93363621
593786270
1597
879370834
8
544858368
400391533
851432142
9227465
610
1
1597
8390086
879370834
209783453
377
851432142
786116714
267570670
233
34
3524578
836311896
377
435293607
17711
722019349
971215059
400391533
292471061
134903163
500422649
28657
832040
739509517
14930352
365010934
535793874
569898238
134903163
8745084
720754435
102334155
267570670
75025
583861472
89
836311896
586268941
879370834
377
63197655
28657
29637311
4181
665487541
8
722019349
965550172
2
121393
261180706
610
610
75025
9227465
63197655
527403788
8745084
5702887
519013702
665487541
593786270
4181
261180706
535793874
519013702
209783453
29637311
720754435
786116714
2
107920472
377
317811
2
687995182
317811
121393
701408733
75025
46368
527403788
739509517
292471061
3
3524578
8
686304600
121393
2178309
720754435
433494437
28657
879370834
680057396
1
665487541
730764433
377
63197655
519013702
519013702
14930352
5702887
144
730764433
500422649
459739080
786116714
365010934
165580141
407059028
93363621
75025
6765
121393
662189184
407059028
722019349
2
8390086
569898238
923369890
686304600
951279875
93254120
4181
680057396
6765
316290802
1
665487541
730764433
196418
89
286725742
519013702
987
662189184
317811
701408733
722019349
680057396
55
400391533
879370834
889840849
665487541
261180706
63197655
121393
317811
832040
514229
46368
10946
2
470273943
46368
500422649
39088169
739509517
93363621
121393
